<?xml version="1.0" encoding="UTF-8"?>
<testsuite name="org.magnum.dataup.AutoGradingTest" tests="1" skipped="0" failures="0" errors="0" timestamp="2020-06-07T22:42:41" hostname="Sahils-MacBook-Air.local" time="0.728">
  <properties/>
  <testcase name="testAddVideoData" classname="org.magnum.dataup.AutoGradingTest" time="0.728"/>
  <system-out><![CDATA[18:42:41.329 [Test worker] DEBUG org.apache.commons.beanutils.converters.BooleanConverter - Setting default value: false
18:42:41.336 [Test worker] DEBUG org.apache.commons.beanutils.converters.BooleanConverter - Converting 'Boolean' value 'false' to type 'Boolean'
18:42:41.337 [Test worker] DEBUG org.apache.commons.beanutils.converters.BooleanConverter -     No conversion required, value is already a Boolean
18:42:41.340 [Test worker] DEBUG org.apache.commons.beanutils.converters.ByteConverter - Setting default value: 0
18:42:41.340 [Test worker] DEBUG org.apache.commons.beanutils.converters.ByteConverter - Converting 'Integer' value '0' to type 'Byte'
18:42:41.341 [Test worker] DEBUG org.apache.commons.beanutils.converters.ByteConverter -     Converted to Byte value '0'
18:42:41.342 [Test worker] DEBUG org.apache.commons.beanutils.converters.CharacterConverter - Setting default value:  
18:42:41.342 [Test worker] DEBUG org.apache.commons.beanutils.converters.CharacterConverter - Converting 'Character' value ' ' to type 'Character'
18:42:41.342 [Test worker] DEBUG org.apache.commons.beanutils.converters.CharacterConverter -     No conversion required, value is already a Character
18:42:41.343 [Test worker] DEBUG org.apache.commons.beanutils.converters.DoubleConverter - Setting default value: 0
18:42:41.343 [Test worker] DEBUG org.apache.commons.beanutils.converters.DoubleConverter - Converting 'Integer' value '0' to type 'Double'
18:42:41.344 [Test worker] DEBUG org.apache.commons.beanutils.converters.DoubleConverter -     Converted to Double value '0.0'
18:42:41.345 [Test worker] DEBUG org.apache.commons.beanutils.converters.FloatConverter - Setting default value: 0
18:42:41.346 [Test worker] DEBUG org.apache.commons.beanutils.converters.FloatConverter - Converting 'Integer' value '0' to type 'Float'
18:42:41.346 [Test worker] DEBUG org.apache.commons.beanutils.converters.FloatConverter -     Converted to Float value '0.0'
18:42:41.347 [Test worker] DEBUG org.apache.commons.beanutils.converters.IntegerConverter - Setting default value: 0
18:42:41.347 [Test worker] DEBUG org.apache.commons.beanutils.converters.IntegerConverter - Converting 'Integer' value '0' to type 'Integer'
18:42:41.348 [Test worker] DEBUG org.apache.commons.beanutils.converters.IntegerConverter -     No conversion required, value is already a Integer
18:42:41.349 [Test worker] DEBUG org.apache.commons.beanutils.converters.LongConverter - Setting default value: 0
18:42:41.349 [Test worker] DEBUG org.apache.commons.beanutils.converters.LongConverter - Converting 'Integer' value '0' to type 'Long'
18:42:41.349 [Test worker] DEBUG org.apache.commons.beanutils.converters.LongConverter -     Converted to Long value '0'
18:42:41.351 [Test worker] DEBUG org.apache.commons.beanutils.converters.ShortConverter - Setting default value: 0
18:42:41.351 [Test worker] DEBUG org.apache.commons.beanutils.converters.ShortConverter - Converting 'Integer' value '0' to type 'Short'
18:42:41.351 [Test worker] DEBUG org.apache.commons.beanutils.converters.ShortConverter -     Converted to Short value '0'
18:42:41.352 [Test worker] DEBUG org.apache.commons.beanutils.converters.BigDecimalConverter - Setting default value: 0.0
18:42:41.353 [Test worker] DEBUG org.apache.commons.beanutils.converters.BigDecimalConverter - Converting 'BigDecimal' value '0.0' to type 'BigDecimal'
18:42:41.353 [Test worker] DEBUG org.apache.commons.beanutils.converters.BigDecimalConverter -     No conversion required, value is already a BigDecimal
18:42:41.354 [Test worker] DEBUG org.apache.commons.beanutils.converters.BigIntegerConverter - Setting default value: 0
18:42:41.355 [Test worker] DEBUG org.apache.commons.beanutils.converters.BigIntegerConverter - Converting 'BigInteger' value '0' to type 'BigInteger'
18:42:41.355 [Test worker] DEBUG org.apache.commons.beanutils.converters.BigIntegerConverter -     No conversion required, value is already a BigInteger
18:42:41.356 [Test worker] DEBUG org.apache.commons.beanutils.converters.BooleanConverter - Setting default value: false
18:42:41.356 [Test worker] DEBUG org.apache.commons.beanutils.converters.BooleanConverter - Converting 'Boolean' value 'false' to type 'Boolean'
18:42:41.357 [Test worker] DEBUG org.apache.commons.beanutils.converters.BooleanConverter -     No conversion required, value is already a Boolean
18:42:41.357 [Test worker] DEBUG org.apache.commons.beanutils.converters.ByteConverter - Setting default value: 0
18:42:41.357 [Test worker] DEBUG org.apache.commons.beanutils.converters.ByteConverter - Converting 'Integer' value '0' to type 'Byte'
18:42:41.358 [Test worker] DEBUG org.apache.commons.beanutils.converters.ByteConverter -     Converted to Byte value '0'
18:42:41.358 [Test worker] DEBUG org.apache.commons.beanutils.converters.CharacterConverter - Setting default value:  
18:42:41.359 [Test worker] DEBUG org.apache.commons.beanutils.converters.CharacterConverter - Converting 'Character' value ' ' to type 'Character'
18:42:41.359 [Test worker] DEBUG org.apache.commons.beanutils.converters.CharacterConverter -     No conversion required, value is already a Character
18:42:41.359 [Test worker] DEBUG org.apache.commons.beanutils.converters.DoubleConverter - Setting default value: 0
18:42:41.360 [Test worker] DEBUG org.apache.commons.beanutils.converters.DoubleConverter - Converting 'Integer' value '0' to type 'Double'
18:42:41.360 [Test worker] DEBUG org.apache.commons.beanutils.converters.DoubleConverter -     Converted to Double value '0.0'
18:42:41.361 [Test worker] DEBUG org.apache.commons.beanutils.converters.FloatConverter - Setting default value: 0
18:42:41.361 [Test worker] DEBUG org.apache.commons.beanutils.converters.FloatConverter - Converting 'Integer' value '0' to type 'Float'
18:42:41.361 [Test worker] DEBUG org.apache.commons.beanutils.converters.FloatConverter -     Converted to Float value '0.0'
18:42:41.361 [Test worker] DEBUG org.apache.commons.beanutils.converters.IntegerConverter - Setting default value: 0
18:42:41.362 [Test worker] DEBUG org.apache.commons.beanutils.converters.IntegerConverter - Converting 'Integer' value '0' to type 'Integer'
18:42:41.362 [Test worker] DEBUG org.apache.commons.beanutils.converters.IntegerConverter -     No conversion required, value is already a Integer
18:42:41.363 [Test worker] DEBUG org.apache.commons.beanutils.converters.LongConverter - Setting default value: 0
18:42:41.364 [Test worker] DEBUG org.apache.commons.beanutils.converters.LongConverter - Converting 'Integer' value '0' to type 'Long'
18:42:41.364 [Test worker] DEBUG org.apache.commons.beanutils.converters.LongConverter -     Converted to Long value '0'
18:42:41.365 [Test worker] DEBUG org.apache.commons.beanutils.converters.ShortConverter - Setting default value: 0
18:42:41.368 [Test worker] DEBUG org.apache.commons.beanutils.converters.ShortConverter - Converting 'Integer' value '0' to type 'Short'
18:42:41.369 [Test worker] DEBUG org.apache.commons.beanutils.converters.ShortConverter -     Converted to Short value '0'
18:42:41.371 [Test worker] DEBUG org.apache.commons.beanutils.converters.StringConverter - Setting default value: 
18:42:41.372 [Test worker] DEBUG org.apache.commons.beanutils.converters.StringConverter - Converting 'String' value '' to type 'String'
18:42:41.380 [Test worker] DEBUG org.apache.commons.beanutils.converters.ArrayConverter - Setting default value: [Z@4110acaf
18:42:41.380 [Test worker] DEBUG org.apache.commons.beanutils.converters.ArrayConverter - Converting 'boolean[]' value '[Z@4110acaf' to type 'boolean[]'
18:42:41.381 [Test worker] DEBUG org.apache.commons.beanutils.converters.ArrayConverter -     No conversion required, value is already a boolean[]
18:42:41.381 [Test worker] DEBUG org.apache.commons.beanutils.converters.ArrayConverter - Setting default value: [B@56192aec
18:42:41.381 [Test worker] DEBUG org.apache.commons.beanutils.converters.ArrayConverter - Converting 'byte[]' value '[B@56192aec' to type 'byte[]'
18:42:41.382 [Test worker] DEBUG org.apache.commons.beanutils.converters.ArrayConverter -     No conversion required, value is already a byte[]
18:42:41.382 [Test worker] DEBUG org.apache.commons.beanutils.converters.ArrayConverter - Setting default value: [C@66faf03
18:42:41.382 [Test worker] DEBUG org.apache.commons.beanutils.converters.ArrayConverter - Converting 'char[]' value '[C@66faf03' to type 'char[]'
18:42:41.382 [Test worker] DEBUG org.apache.commons.beanutils.converters.ArrayConverter -     No conversion required, value is already a char[]
18:42:41.383 [Test worker] DEBUG org.apache.commons.beanutils.converters.ArrayConverter - Setting default value: [D@7ecb1a06
18:42:41.383 [Test worker] DEBUG org.apache.commons.beanutils.converters.ArrayConverter - Converting 'double[]' value '[D@7ecb1a06' to type 'double[]'
18:42:41.383 [Test worker] DEBUG org.apache.commons.beanutils.converters.ArrayConverter -     No conversion required, value is already a double[]
18:42:41.384 [Test worker] DEBUG org.apache.commons.beanutils.converters.ArrayConverter - Setting default value: [F@53c7fcf7
18:42:41.384 [Test worker] DEBUG org.apache.commons.beanutils.converters.ArrayConverter - Converting 'float[]' value '[F@53c7fcf7' to type 'float[]'
18:42:41.384 [Test worker] DEBUG org.apache.commons.beanutils.converters.ArrayConverter -     No conversion required, value is already a float[]
18:42:41.385 [Test worker] DEBUG org.apache.commons.beanutils.converters.ArrayConverter - Setting default value: [I@e966202
18:42:41.385 [Test worker] DEBUG org.apache.commons.beanutils.converters.ArrayConverter - Converting 'int[]' value '[I@e966202' to type 'int[]'
18:42:41.386 [Test worker] DEBUG org.apache.commons.beanutils.converters.ArrayConverter -     No conversion required, value is already a int[]
18:42:41.386 [Test worker] DEBUG org.apache.commons.beanutils.converters.ArrayConverter - Setting default value: [J@3f362b70
18:42:41.386 [Test worker] DEBUG org.apache.commons.beanutils.converters.ArrayConverter - Converting 'long[]' value '[J@3f362b70' to type 'long[]'
18:42:41.387 [Test worker] DEBUG org.apache.commons.beanutils.converters.ArrayConverter -     No conversion required, value is already a long[]
18:42:41.387 [Test worker] DEBUG org.apache.commons.beanutils.converters.ArrayConverter - Setting default value: [S@2112d6ff
18:42:41.388 [Test worker] DEBUG org.apache.commons.beanutils.converters.ArrayConverter - Converting 'short[]' value '[S@2112d6ff' to type 'short[]'
18:42:41.389 [Test worker] DEBUG org.apache.commons.beanutils.converters.ArrayConverter -     No conversion required, value is already a short[]
18:42:41.390 [Test worker] DEBUG org.apache.commons.beanutils.converters.ArrayConverter - Setting default value: [Ljava.math.BigDecimal;@12caf3f3
18:42:41.391 [Test worker] DEBUG org.apache.commons.beanutils.converters.ArrayConverter - Converting 'BigDecimal[]' value '[Ljava.math.BigDecimal;@12caf3f3' to type 'BigDecimal[]'
18:42:41.391 [Test worker] DEBUG org.apache.commons.beanutils.converters.ArrayConverter -     No conversion required, value is already a BigDecimal[]
18:42:41.391 [Test worker] DEBUG org.apache.commons.beanutils.converters.ArrayConverter - Setting default value: [Ljava.math.BigInteger;@24623350
18:42:41.392 [Test worker] DEBUG org.apache.commons.beanutils.converters.ArrayConverter - Converting 'BigInteger[]' value '[Ljava.math.BigInteger;@24623350' to type 'BigInteger[]'
18:42:41.392 [Test worker] DEBUG org.apache.commons.beanutils.converters.ArrayConverter -     No conversion required, value is already a BigInteger[]
18:42:41.392 [Test worker] DEBUG org.apache.commons.beanutils.converters.ArrayConverter - Setting default value: [Ljava.lang.Boolean;@34bb4592
18:42:41.393 [Test worker] DEBUG org.apache.commons.beanutils.converters.ArrayConverter - Converting 'Boolean[]' value '[Ljava.lang.Boolean;@34bb4592' to type 'Boolean[]'
18:42:41.393 [Test worker] DEBUG org.apache.commons.beanutils.converters.ArrayConverter -     No conversion required, value is already a Boolean[]
18:42:41.394 [Test worker] DEBUG org.apache.commons.beanutils.converters.ArrayConverter - Setting default value: [Ljava.lang.Byte;@1747f98a
18:42:41.394 [Test worker] DEBUG org.apache.commons.beanutils.converters.ArrayConverter - Converting 'Byte[]' value '[Ljava.lang.Byte;@1747f98a' to type 'Byte[]'
18:42:41.394 [Test worker] DEBUG org.apache.commons.beanutils.converters.ArrayConverter -     No conversion required, value is already a Byte[]
18:42:41.395 [Test worker] DEBUG org.apache.commons.beanutils.converters.ArrayConverter - Setting default value: [Ljava.lang.Character;@5396b12a
18:42:41.395 [Test worker] DEBUG org.apache.commons.beanutils.converters.ArrayConverter - Converting 'Character[]' value '[Ljava.lang.Character;@5396b12a' to type 'Character[]'
18:42:41.396 [Test worker] DEBUG org.apache.commons.beanutils.converters.ArrayConverter -     No conversion required, value is already a Character[]
18:42:41.396 [Test worker] DEBUG org.apache.commons.beanutils.converters.ArrayConverter - Setting default value: [Ljava.lang.Double;@cf950be
18:42:41.397 [Test worker] DEBUG org.apache.commons.beanutils.converters.ArrayConverter - Converting 'Double[]' value '[Ljava.lang.Double;@cf950be' to type 'Double[]'
18:42:41.397 [Test worker] DEBUG org.apache.commons.beanutils.converters.ArrayConverter -     No conversion required, value is already a Double[]
18:42:41.397 [Test worker] DEBUG org.apache.commons.beanutils.converters.ArrayConverter - Setting default value: [Ljava.lang.Float;@288b9b10
18:42:41.398 [Test worker] DEBUG org.apache.commons.beanutils.converters.ArrayConverter - Converting 'Float[]' value '[Ljava.lang.Float;@288b9b10' to type 'Float[]'
18:42:41.398 [Test worker] DEBUG org.apache.commons.beanutils.converters.ArrayConverter -     No conversion required, value is already a Float[]
18:42:41.399 [Test worker] DEBUG org.apache.commons.beanutils.converters.ArrayConverter - Setting default value: [Ljava.lang.Integer;@19acf5ad
18:42:41.399 [Test worker] DEBUG org.apache.commons.beanutils.converters.ArrayConverter - Converting 'Integer[]' value '[Ljava.lang.Integer;@19acf5ad' to type 'Integer[]'
18:42:41.400 [Test worker] DEBUG org.apache.commons.beanutils.converters.ArrayConverter -     No conversion required, value is already a Integer[]
18:42:41.400 [Test worker] DEBUG org.apache.commons.beanutils.converters.ArrayConverter - Setting default value: [Ljava.lang.Long;@30c470ce
18:42:41.401 [Test worker] DEBUG org.apache.commons.beanutils.converters.ArrayConverter - Converting 'Long[]' value '[Ljava.lang.Long;@30c470ce' to type 'Long[]'
18:42:41.402 [Test worker] DEBUG org.apache.commons.beanutils.converters.ArrayConverter -     No conversion required, value is already a Long[]
18:42:41.402 [Test worker] DEBUG org.apache.commons.beanutils.converters.ArrayConverter - Setting default value: [Ljava.lang.Short;@2051dfc8
18:42:41.402 [Test worker] DEBUG org.apache.commons.beanutils.converters.ArrayConverter - Converting 'Short[]' value '[Ljava.lang.Short;@2051dfc8' to type 'Short[]'
18:42:41.403 [Test worker] DEBUG org.apache.commons.beanutils.converters.ArrayConverter -     No conversion required, value is already a Short[]
18:42:41.403 [Test worker] DEBUG org.apache.commons.beanutils.converters.ArrayConverter - Setting default value: [Ljava.lang.String;@6ebc8f90
18:42:41.403 [Test worker] DEBUG org.apache.commons.beanutils.converters.ArrayConverter - Converting 'String[]' value '[Ljava.lang.String;@6ebc8f90' to type 'String[]'
18:42:41.403 [Test worker] DEBUG org.apache.commons.beanutils.converters.ArrayConverter -     No conversion required, value is already a String[]
18:42:41.404 [Test worker] DEBUG org.apache.commons.beanutils.converters.ArrayConverter - Setting default value: [Ljava.lang.Class;@6cfe75d2
18:42:41.404 [Test worker] DEBUG org.apache.commons.beanutils.converters.ArrayConverter - Converting 'Class[]' value '[Ljava.lang.Class;@6cfe75d2' to type 'Class[]'
18:42:41.404 [Test worker] DEBUG org.apache.commons.beanutils.converters.ArrayConverter -     No conversion required, value is already a Class[]
18:42:41.405 [Test worker] DEBUG org.apache.commons.beanutils.converters.ArrayConverter - Setting default value: [Ljava.util.Date;@7f17c864
18:42:41.405 [Test worker] DEBUG org.apache.commons.beanutils.converters.ArrayConverter - Converting 'Date[]' value '[Ljava.util.Date;@7f17c864' to type 'Date[]'
18:42:41.405 [Test worker] DEBUG org.apache.commons.beanutils.converters.ArrayConverter -     No conversion required, value is already a Date[]
18:42:41.405 [Test worker] DEBUG org.apache.commons.beanutils.converters.ArrayConverter - Setting default value: [Ljava.util.Calendar;@4df49af5
18:42:41.405 [Test worker] DEBUG org.apache.commons.beanutils.converters.ArrayConverter - Converting 'Calendar[]' value '[Ljava.util.Calendar;@4df49af5' to type 'Calendar[]'
18:42:41.406 [Test worker] DEBUG org.apache.commons.beanutils.converters.ArrayConverter -     No conversion required, value is already a Calendar[]
18:42:41.406 [Test worker] DEBUG org.apache.commons.beanutils.converters.ArrayConverter - Setting default value: [Ljava.io.File;@132e80b7
18:42:41.406 [Test worker] DEBUG org.apache.commons.beanutils.converters.ArrayConverter - Converting 'java.io.File[]' value '[Ljava.io.File;@132e80b7' to type 'java.io.File[]'
18:42:41.406 [Test worker] DEBUG org.apache.commons.beanutils.converters.ArrayConverter -     No conversion required, value is already a java.io.File[]
18:42:41.406 [Test worker] DEBUG org.apache.commons.beanutils.converters.ArrayConverter - Setting default value: [Ljava.sql.Date;@67645f19
18:42:41.406 [Test worker] DEBUG org.apache.commons.beanutils.converters.ArrayConverter - Converting 'java.sql.Date[]' value '[Ljava.sql.Date;@67645f19' to type 'java.sql.Date[]'
18:42:41.406 [Test worker] DEBUG org.apache.commons.beanutils.converters.ArrayConverter -     No conversion required, value is already a java.sql.Date[]
18:42:41.407 [Test worker] DEBUG org.apache.commons.beanutils.converters.ArrayConverter - Setting default value: [Ljava.sql.Time;@b2b035c
18:42:41.407 [Test worker] DEBUG org.apache.commons.beanutils.converters.ArrayConverter - Converting 'java.sql.Time[]' value '[Ljava.sql.Time;@b2b035c' to type 'java.sql.Time[]'
18:42:41.407 [Test worker] DEBUG org.apache.commons.beanutils.converters.ArrayConverter -     No conversion required, value is already a java.sql.Time[]
18:42:41.407 [Test worker] DEBUG org.apache.commons.beanutils.converters.ArrayConverter - Setting default value: [Ljava.sql.Timestamp;@32d8c6db
18:42:41.407 [Test worker] DEBUG org.apache.commons.beanutils.converters.ArrayConverter - Converting 'java.sql.Timestamp[]' value '[Ljava.sql.Timestamp;@32d8c6db' to type 'java.sql.Timestamp[]'
18:42:41.407 [Test worker] DEBUG org.apache.commons.beanutils.converters.ArrayConverter -     No conversion required, value is already a java.sql.Timestamp[]
18:42:41.408 [Test worker] DEBUG org.apache.commons.beanutils.converters.ArrayConverter - Setting default value: [Ljava.net.URL;@35e3f655
18:42:41.408 [Test worker] DEBUG org.apache.commons.beanutils.converters.ArrayConverter - Converting 'java.net.URL[]' value '[Ljava.net.URL;@35e3f655' to type 'java.net.URL[]'
18:42:41.409 [Test worker] DEBUG org.apache.commons.beanutils.converters.ArrayConverter -     No conversion required, value is already a java.net.URL[]
-----------------1
]]></system-out>
  <system-err><![CDATA[]]></system-err>
</testsuite>
